<?xml version="1.0" encoding="UTF-8"?>
<!-- Generated by org.testng.reporters.JUnitXMLReporter -->
<testsuite hostname="QHBJ4L13" ignored="0" name="Default test" tests="3" failures="0" timestamp="2022-04-25T11:52:08 IST" time="239.853" errors="0">
  <testcase name="RunEndtoEndTestCase" time="75.76" classname="com.aspire.tests.ProblemTestCase"/>
  <testcase name="RunEndtoEndTestCase" time="72.422" classname="com.aspire.tests.ProblemTestCase"/>
  <testcase name="RunEndtoEndTestCase" time="72.48" classname="com.aspire.tests.ProblemTestCase"/>
</testsuite> <!-- Default test -->
